2023-09-25 14:39:06,409 - tree.py - ERROR - Window not found for chrome.exe
2023-09-25 14:39:06,423 - tree.py - INFO - Minimum requirements met. Continuing with execution.
2023-09-25 14:39:06,425 - action.py - INFO - Sending keys '{Win}s' to element: <module 'uiautomation' from 'C:\\Users\\sanskar.jaiswal\\AppData\\Roaming\\Python\\Python311\\site-packages\\uiautomation\\__init__.py'>
2023-09-25 14:39:06,971 - action.py - INFO - Sending keys 'chrome.exe' to element: <module 'uiautomation' from 'C:\\Users\\sanskar.jaiswal\\AppData\\Roaming\\Python\\Python311\\site-packages\\uiautomation\\__init__.py'>
2023-09-25 14:39:07,591 - action.py - INFO - Sending keys '{Enter}' to element: <module 'uiautomation' from 'C:\\Users\\sanskar.jaiswal\\AppData\\Roaming\\Python\\Python311\\site-packages\\uiautomation\\__init__.py'>
2023-09-25 14:39:13,452 - tree.py - INFO - Window found for chrome.exe
2023-09-25 14:39:13,467 - locators.py - INFO - Getting element with locator: New Tab - Google Chrome and type:WindowControl
2023-09-25 14:39:13,467 - locators.py - INFO - Resulted root element: WindowsElement(item=<uiautomation.uiautomation.PaneControl object at 0x0000023FC435B410>, locator='New Tab - Google Chrome and type:WindowControl', name='Desktop 1', automation_id='', control_type='PaneControl', class_name='#32769', left=0, right=1920, top=0, bottom=1080, width=1920, height=1080, xcenter=960, ycenter=540)
2023-09-25 14:39:13,468 - locators.py - INFO - Locator 'New Tab - Google Chrome and type:WindowControl' produced matcher: MatchObject(locators=[('Name', 'New Tab - Google Chrome', 0), ('ControlType', 'WindowControl', 0)], _classes=set(), max_level=0)
2023-09-25 14:39:25,046 - locators.py - INFO - Getting element with locator: New Tab - Google Chrome and type:PaneControl
2023-09-25 14:39:25,046 - locators.py - INFO - Resulted root element: WindowsElement(item=<uiautomation.uiautomation.PaneControl object at 0x0000023FC2E26D50>, locator='New Tab - Google Chrome and type:PaneControl', name='Desktop 1', automation_id='', control_type='PaneControl', class_name='#32769', left=0, right=1920, top=0, bottom=1080, width=1920, height=1080, xcenter=960, ycenter=540)
2023-09-25 14:39:25,047 - locators.py - INFO - Locator 'New Tab - Google Chrome and type:PaneControl' produced matcher: MatchObject(locators=[('Name', 'New Tab - Google Chrome', 0), ('ControlType', 'PaneControl', 0)], _classes=set(), max_level=0)
2023-09-25 14:39:25,151 - locators.py - INFO - Returning element: WindowsElement(item=<uiautomation.uiautomation.PaneControl object at 0x0000023FC435BF10>, locator='New Tab - Google Chrome and type:PaneControl', name='New Tab - Google Chrome', automation_id='', control_type='PaneControl', class_name='Chrome_WidgetWin_1', left=-9, right=1929, top=-9, bottom=1039, width=1938, height=1048, xcenter=960, ycenter=515)
2023-09-25 14:39:25,660 - tree.py - INFO - Launched New Tab - Google Chrome
2023-09-25 14:39:25,663 - action.py - INFO - Sending keys '{Ctrl}{Shift}{i}' to element: <module 'uiautomation' from 'C:\\Users\\sanskar.jaiswal\\AppData\\Roaming\\Python\\Python311\\site-packages\\uiautomation\\__init__.py'>
2023-09-25 14:39:26,234 - locators.py - INFO - Getting element with locator: None
2023-09-25 14:39:26,237 - locators.py - INFO - Resulted root element: WindowsElement(item=<uiautomation.uiautomation.PaneControl object at 0x0000023FC435BF10>, locator='New Tab - Google Chrome and type:PaneControl', name='New Tab - Google Chrome', automation_id='', control_type='PaneControl', class_name='Chrome_WidgetWin_1', left=-9, right=1929, top=-9, bottom=1039, width=1938, height=1048, xcenter=960, ycenter=515)
2023-09-25 14:39:26,314 - locators.py - INFO - Getting element with locator: regex:.*search.*
2023-09-25 14:39:26,315 - locators.py - INFO - Resulted root element: WindowsElement(item=<uiautomation.uiautomation.PaneControl object at 0x0000023FC435BF10>, locator='New Tab - Google Chrome and type:PaneControl', name='New Tab - Google Chrome', automation_id='', control_type='PaneControl', class_name='Chrome_WidgetWin_1', left=-9, right=1929, top=-9, bottom=1039, width=1938, height=1048, xcenter=960, ycenter=515)
2023-09-25 14:39:26,315 - locators.py - INFO - Locator 'regex:.*search.*' produced matcher: MatchObject(locators=[('RegexName', '.*search.*', 0)], _classes=set(), max_level=0)
2023-09-25 14:39:26,599 - locators.py - INFO - Returning element: WindowsElement(item=<uiautomation.uiautomation.EditControl object at 0x0000023FC435A090>, locator='regex:.*search.*', name='Address and search bar', automation_id='', control_type='EditControl', class_name='', left=177, right=1660, top=50, bottom=88, width=1483, height=38, xcenter=918, ycenter=69)
2023-09-25 14:39:26,599 - action.py - INFO - Setting the element value with the 'GetValuePattern' method.
2023-09-25 14:39:27,129 - locators.py - INFO - Getting element with locator: None
2023-09-25 14:39:27,130 - locators.py - INFO - Resulted root element: WindowsElement(item=<uiautomation.uiautomation.PaneControl object at 0x0000023FC435BF10>, locator='New Tab - Google Chrome and type:PaneControl', name='New Tab - Google Chrome', automation_id='', control_type='PaneControl', class_name='Chrome_WidgetWin_1', left=-9, right=1929, top=-9, bottom=1039, width=1938, height=1048, xcenter=960, ycenter=515)
2023-09-25 14:39:27,181 - action.py - INFO - Sending keys '{ENTER}' to element: <module 'uiautomation' from 'C:\\Users\\sanskar.jaiswal\\AppData\\Roaming\\Python\\Python311\\site-packages\\uiautomation\\__init__.py'>
2023-09-25 14:39:27,705 - locators.py - INFO - Getting element with locator: None
2023-09-25 14:39:27,716 - locators.py - INFO - Resulted root element: WindowsElement(item=<uiautomation.uiautomation.PaneControl object at 0x0000023FC435BF10>, locator='New Tab - Google Chrome and type:PaneControl', name='New Tab - Google Chrome', automation_id='', control_type='PaneControl', class_name='Chrome_WidgetWin_1', left=-9, right=1929, top=-9, bottom=1039, width=1938, height=1048, xcenter=960, ycenter=515)
2023-09-25 14:39:29,774 - locators.py - INFO - Getting element with locator: None
2023-09-25 14:39:29,776 - locators.py - INFO - Resulted root element: WindowsElement(item=<uiautomation.uiautomation.PaneControl object at 0x0000023FC435BF10>, locator='New Tab - Google Chrome and type:PaneControl', name='New Tab - Google Chrome', automation_id='', control_type='PaneControl', class_name='Chrome_WidgetWin_1', left=-9, right=1929, top=-9, bottom=1039, width=1938, height=1048, xcenter=960, ycenter=515)
2023-09-25 14:39:29,848 - locators.py - INFO - Getting element with locator: None
2023-09-25 14:39:29,850 - locators.py - INFO - Resulted root element: WindowsElement(item=<uiautomation.uiautomation.PaneControl object at 0x0000023FC435BF10>, locator='New Tab - Google Chrome and type:PaneControl', name='New Tab - Google Chrome', automation_id='', control_type='PaneControl', class_name='Chrome_WidgetWin_1', left=-9, right=1929, top=-9, bottom=1039, width=1938, height=1048, xcenter=960, ycenter=515)
2023-09-25 14:39:29,914 - window.py - INFO - Closing window with name: New Tab - Google Chrome (PID: 29320)
2023-09-25 14:42:35,877 - tree.py - ERROR - Window not found for chrome.exe
2023-09-25 14:42:35,901 - tree.py - INFO - Minimum requirements met. Continuing with execution.
2023-09-25 14:42:35,902 - action.py - INFO - Sending keys '{Win}s' to element: <module 'uiautomation' from 'C:\\Users\\sanskar.jaiswal\\AppData\\Roaming\\Python\\Python311\\site-packages\\uiautomation\\__init__.py'>
2023-09-25 14:42:36,448 - action.py - INFO - Sending keys 'chrome.exe' to element: <module 'uiautomation' from 'C:\\Users\\sanskar.jaiswal\\AppData\\Roaming\\Python\\Python311\\site-packages\\uiautomation\\__init__.py'>
2023-09-25 14:42:37,071 - action.py - INFO - Sending keys '{Enter}' to element: <module 'uiautomation' from 'C:\\Users\\sanskar.jaiswal\\AppData\\Roaming\\Python\\Python311\\site-packages\\uiautomation\\__init__.py'>
2023-09-25 14:42:43,703 - tree.py - INFO - Window found for chrome.exe
2023-09-25 14:42:43,719 - locators.py - INFO - Getting element with locator: New Tab - Google Chrome and type:WindowControl
2023-09-25 14:42:43,720 - locators.py - INFO - Resulted root element: WindowsElement(item=<uiautomation.uiautomation.PaneControl object at 0x0000026F7FE5F810>, locator='New Tab - Google Chrome and type:WindowControl', name='Desktop 1', automation_id='', control_type='PaneControl', class_name='#32769', left=0, right=1920, top=0, bottom=1080, width=1920, height=1080, xcenter=960, ycenter=540)
2023-09-25 14:42:43,721 - locators.py - INFO - Locator 'New Tab - Google Chrome and type:WindowControl' produced matcher: MatchObject(locators=[('Name', 'New Tab - Google Chrome', 0), ('ControlType', 'WindowControl', 0)], _classes=set(), max_level=0)
2023-09-25 14:42:54,000 - locators.py - INFO - Getting element with locator: New Tab - Google Chrome and type:PaneControl
2023-09-25 14:42:54,000 - locators.py - INFO - Resulted root element: WindowsElement(item=<uiautomation.uiautomation.PaneControl object at 0x0000026F7F8F6A50>, locator='New Tab - Google Chrome and type:PaneControl', name='Desktop 1', automation_id='', control_type='PaneControl', class_name='#32769', left=0, right=1920, top=0, bottom=1080, width=1920, height=1080, xcenter=960, ycenter=540)
2023-09-25 14:42:54,001 - locators.py - INFO - Locator 'New Tab - Google Chrome and type:PaneControl' produced matcher: MatchObject(locators=[('Name', 'New Tab - Google Chrome', 0), ('ControlType', 'PaneControl', 0)], _classes=set(), max_level=0)
2023-09-25 14:42:54,064 - locators.py - INFO - Returning element: WindowsElement(item=<uiautomation.uiautomation.PaneControl object at 0x0000026F7FE5F8D0>, locator='New Tab - Google Chrome and type:PaneControl', name='New Tab - Google Chrome', automation_id='', control_type='PaneControl', class_name='Chrome_WidgetWin_1', left=-9, right=1929, top=-9, bottom=1039, width=1938, height=1048, xcenter=960, ycenter=515)
2023-09-25 14:42:54,574 - tree.py - INFO - Launched New Tab - Google Chrome
2023-09-25 14:42:54,575 - action.py - INFO - Sending keys '{Ctrl}{Shift}{i}' to element: <module 'uiautomation' from 'C:\\Users\\sanskar.jaiswal\\AppData\\Roaming\\Python\\Python311\\site-packages\\uiautomation\\__init__.py'>
2023-09-25 14:42:55,148 - locators.py - INFO - Getting element with locator: None
2023-09-25 14:42:55,149 - locators.py - INFO - Resulted root element: WindowsElement(item=<uiautomation.uiautomation.PaneControl object at 0x0000026F7FE5F8D0>, locator='New Tab - Google Chrome and type:PaneControl', name='New Tab - Google Chrome', automation_id='', control_type='PaneControl', class_name='Chrome_WidgetWin_1', left=-9, right=1929, top=-9, bottom=1039, width=1938, height=1048, xcenter=960, ycenter=515)
2023-09-25 14:42:55,200 - locators.py - INFO - Getting element with locator: regex:.*search.*
2023-09-25 14:42:55,200 - locators.py - INFO - Resulted root element: WindowsElement(item=<uiautomation.uiautomation.PaneControl object at 0x0000026F7FE5F8D0>, locator='New Tab - Google Chrome and type:PaneControl', name='New Tab - Google Chrome', automation_id='', control_type='PaneControl', class_name='Chrome_WidgetWin_1', left=-9, right=1929, top=-9, bottom=1039, width=1938, height=1048, xcenter=960, ycenter=515)
2023-09-25 14:42:55,201 - locators.py - INFO - Locator 'regex:.*search.*' produced matcher: MatchObject(locators=[('RegexName', '.*search.*', 0)], _classes=set(), max_level=0)
2023-09-25 14:42:55,788 - tree.py - ERROR - Error while running steps: (-2147024891, 'Access is denied.', (None, None, None, 0, None))
2023-09-25 14:42:55,789 - window.py - WARNING - There is no active window!
2023-09-25 14:59:44,034 - tree.py - ERROR - Window not found for chrome.exe
2023-09-25 14:59:44,046 - tree.py - INFO - Minimum requirements met. Continuing with execution.
2023-09-25 14:59:44,046 - action.py - INFO - Sending keys '{Win}s' to element: <module 'uiautomation' from 'C:\\Users\\sanskar.jaiswal\\AppData\\Roaming\\Python\\Python311\\site-packages\\uiautomation\\__init__.py'>
2023-09-25 14:59:44,593 - action.py - INFO - Sending keys 'chrome.exe' to element: <module 'uiautomation' from 'C:\\Users\\sanskar.jaiswal\\AppData\\Roaming\\Python\\Python311\\site-packages\\uiautomation\\__init__.py'>
2023-09-25 14:59:45,214 - action.py - INFO - Sending keys '{Enter}' to element: <module 'uiautomation' from 'C:\\Users\\sanskar.jaiswal\\AppData\\Roaming\\Python\\Python311\\site-packages\\uiautomation\\__init__.py'>
2023-09-25 14:59:50,222 - tree.py - INFO - Window found for chrome.exe
2023-09-25 14:59:50,228 - locators.py - INFO - Getting element with locator: New Tab - Google Chrome and type:WindowControl
2023-09-25 14:59:50,228 - locators.py - INFO - Resulted root element: WindowsElement(item=<uiautomation.uiautomation.PaneControl object at 0x00000211370FB750>, locator='New Tab - Google Chrome and type:WindowControl', name='Desktop 1', automation_id='', control_type='PaneControl', class_name='#32769', left=0, right=1920, top=0, bottom=1080, width=1920, height=1080, xcenter=960, ycenter=540)
2023-09-25 14:59:50,228 - locators.py - INFO - Locator 'New Tab - Google Chrome and type:WindowControl' produced matcher: MatchObject(locators=[('Name', 'New Tab - Google Chrome', 0), ('ControlType', 'WindowControl', 0)], _classes=set(), max_level=0)
2023-09-25 15:00:00,430 - locators.py - INFO - Getting element with locator: New Tab - Google Chrome and type:PaneControl
2023-09-25 15:00:00,430 - locators.py - INFO - Resulted root element: WindowsElement(item=<uiautomation.uiautomation.PaneControl object at 0x0000021135BF67D0>, locator='New Tab - Google Chrome and type:PaneControl', name='Desktop 1', automation_id='', control_type='PaneControl', class_name='#32769', left=0, right=1920, top=0, bottom=1080, width=1920, height=1080, xcenter=960, ycenter=540)
2023-09-25 15:00:00,430 - locators.py - INFO - Locator 'New Tab - Google Chrome and type:PaneControl' produced matcher: MatchObject(locators=[('Name', 'New Tab - Google Chrome', 0), ('ControlType', 'PaneControl', 0)], _classes=set(), max_level=0)
2023-09-25 15:00:00,479 - locators.py - INFO - Returning element: WindowsElement(item=<uiautomation.uiautomation.PaneControl object at 0x00000211370FB850>, locator='New Tab - Google Chrome and type:PaneControl', name='New Tab - Google Chrome', automation_id='', control_type='PaneControl', class_name='Chrome_WidgetWin_1', left=-9, right=1929, top=-9, bottom=1039, width=1938, height=1048, xcenter=960, ycenter=515)
2023-09-25 15:00:00,981 - tree.py - INFO - Launched New Tab - Google Chrome
2023-09-25 15:00:00,983 - action.py - INFO - Sending keys '{Ctrl}{Shift}{i}' to element: <module 'uiautomation' from 'C:\\Users\\sanskar.jaiswal\\AppData\\Roaming\\Python\\Python311\\site-packages\\uiautomation\\__init__.py'>
2023-09-25 15:00:01,553 - locators.py - INFO - Getting element with locator: None
2023-09-25 15:00:01,554 - locators.py - INFO - Resulted root element: WindowsElement(item=<uiautomation.uiautomation.PaneControl object at 0x00000211370FB850>, locator='New Tab - Google Chrome and type:PaneControl', name='New Tab - Google Chrome', automation_id='', control_type='PaneControl', class_name='Chrome_WidgetWin_1', left=-9, right=1929, top=-9, bottom=1039, width=1938, height=1048, xcenter=960, ycenter=515)
2023-09-25 15:00:01,612 - locators.py - INFO - Getting element with locator: regex:.*search.*
2023-09-25 15:00:01,613 - locators.py - INFO - Resulted root element: WindowsElement(item=<uiautomation.uiautomation.PaneControl object at 0x00000211370FB850>, locator='New Tab - Google Chrome and type:PaneControl', name='New Tab - Google Chrome', automation_id='', control_type='PaneControl', class_name='Chrome_WidgetWin_1', left=-9, right=1929, top=-9, bottom=1039, width=1938, height=1048, xcenter=960, ycenter=515)
2023-09-25 15:00:01,614 - locators.py - INFO - Locator 'regex:.*search.*' produced matcher: MatchObject(locators=[('RegexName', '.*search.*', 0)], _classes=set(), max_level=0)
2023-09-25 15:00:01,831 - locators.py - INFO - Returning element: WindowsElement(item=<uiautomation.uiautomation.EditControl object at 0x00000211371051D0>, locator='regex:.*search.*', name='Address and search bar', automation_id='', control_type='EditControl', class_name='', left=177, right=1660, top=50, bottom=88, width=1483, height=38, xcenter=918, ycenter=69)
2023-09-25 15:00:01,831 - action.py - INFO - Setting the element value with the 'GetValuePattern' method.
2023-09-25 15:00:02,352 - locators.py - INFO - Getting element with locator: None
2023-09-25 15:00:02,353 - locators.py - INFO - Resulted root element: WindowsElement(item=<uiautomation.uiautomation.PaneControl object at 0x00000211370FB850>, locator='New Tab - Google Chrome and type:PaneControl', name='New Tab - Google Chrome', automation_id='', control_type='PaneControl', class_name='Chrome_WidgetWin_1', left=-9, right=1929, top=-9, bottom=1039, width=1938, height=1048, xcenter=960, ycenter=515)
2023-09-25 15:00:02,411 - action.py - INFO - Sending keys '{ENTER}' to element: <module 'uiautomation' from 'C:\\Users\\sanskar.jaiswal\\AppData\\Roaming\\Python\\Python311\\site-packages\\uiautomation\\__init__.py'>
2023-09-25 15:00:02,934 - locators.py - INFO - Getting element with locator: None
2023-09-25 15:00:02,941 - locators.py - INFO - Resulted root element: WindowsElement(item=<uiautomation.uiautomation.PaneControl object at 0x00000211370FB850>, locator='New Tab - Google Chrome and type:PaneControl', name='New Tab - Google Chrome', automation_id='', control_type='PaneControl', class_name='Chrome_WidgetWin_1', left=-9, right=1929, top=-9, bottom=1039, width=1938, height=1048, xcenter=960, ycenter=515)
2023-09-25 15:00:04,994 - locators.py - INFO - Getting element with locator: None
2023-09-25 15:00:04,994 - locators.py - INFO - Resulted root element: WindowsElement(item=<uiautomation.uiautomation.PaneControl object at 0x00000211370FB850>, locator='New Tab - Google Chrome and type:PaneControl', name='New Tab - Google Chrome', automation_id='', control_type='PaneControl', class_name='Chrome_WidgetWin_1', left=-9, right=1929, top=-9, bottom=1039, width=1938, height=1048, xcenter=960, ycenter=515)
2023-09-25 15:00:05,029 - locators.py - INFO - Getting element with locator: None
2023-09-25 15:00:05,030 - locators.py - INFO - Resulted root element: WindowsElement(item=<uiautomation.uiautomation.PaneControl object at 0x00000211370FB850>, locator='New Tab - Google Chrome and type:PaneControl', name='New Tab - Google Chrome', automation_id='', control_type='PaneControl', class_name='Chrome_WidgetWin_1', left=-9, right=1929, top=-9, bottom=1039, width=1938, height=1048, xcenter=960, ycenter=515)
2023-09-25 15:00:05,064 - window.py - INFO - Closing window with name: New Tab - Google Chrome (PID: 33292)
2023-09-25 15:01:49,735 - tree.py - ERROR - Window not found for chrome.exe
2023-09-25 15:01:49,745 - tree.py - INFO - Minimum requirements met. Continuing with execution.
2023-09-25 15:01:49,746 - action.py - INFO - Sending keys '{Win}s' to element: <module 'uiautomation' from 'C:\\Users\\sanskar.jaiswal\\AppData\\Roaming\\Python\\Python311\\site-packages\\uiautomation\\__init__.py'>
2023-09-25 15:01:50,293 - action.py - INFO - Sending keys 'chrome.exe' to element: <module 'uiautomation' from 'C:\\Users\\sanskar.jaiswal\\AppData\\Roaming\\Python\\Python311\\site-packages\\uiautomation\\__init__.py'>
2023-09-25 15:01:50,911 - action.py - INFO - Sending keys '{Enter}' to element: <module 'uiautomation' from 'C:\\Users\\sanskar.jaiswal\\AppData\\Roaming\\Python\\Python311\\site-packages\\uiautomation\\__init__.py'>
2023-09-25 15:01:56,980 - tree.py - INFO - Window found for chrome.exe
2023-09-25 15:01:56,990 - locators.py - INFO - Getting element with locator: New Tab - Google Chrome and type:WindowControl
2023-09-25 15:01:56,990 - locators.py - INFO - Resulted root element: WindowsElement(item=<uiautomation.uiautomation.PaneControl object at 0x000001895EAAAB10>, locator='New Tab - Google Chrome and type:WindowControl', name='Desktop 1', automation_id='', control_type='PaneControl', class_name='#32769', left=0, right=1920, top=0, bottom=1080, width=1920, height=1080, xcenter=960, ycenter=540)
2023-09-25 15:01:56,991 - locators.py - INFO - Locator 'New Tab - Google Chrome and type:WindowControl' produced matcher: MatchObject(locators=[('Name', 'New Tab - Google Chrome', 0), ('ControlType', 'WindowControl', 0)], _classes=set(), max_level=0)
2023-09-25 15:02:08,231 - locators.py - INFO - Getting element with locator: New Tab - Google Chrome and type:PaneControl
2023-09-25 15:02:08,231 - locators.py - INFO - Resulted root element: WindowsElement(item=<uiautomation.uiautomation.PaneControl object at 0x000001895E556C10>, locator='New Tab - Google Chrome and type:PaneControl', name='Desktop 1', automation_id='', control_type='PaneControl', class_name='#32769', left=0, right=1920, top=0, bottom=1080, width=1920, height=1080, xcenter=960, ycenter=540)
2023-09-25 15:02:08,232 - locators.py - INFO - Locator 'New Tab - Google Chrome and type:PaneControl' produced matcher: MatchObject(locators=[('Name', 'New Tab - Google Chrome', 0), ('ControlType', 'PaneControl', 0)], _classes=set(), max_level=0)
2023-09-25 15:02:08,312 - locators.py - INFO - Returning element: WindowsElement(item=<uiautomation.uiautomation.PaneControl object at 0x000001895EAAAED0>, locator='New Tab - Google Chrome and type:PaneControl', name='New Tab - Google Chrome', automation_id='', control_type='PaneControl', class_name='Chrome_WidgetWin_1', left=-9, right=1929, top=-9, bottom=1039, width=1938, height=1048, xcenter=960, ycenter=515)
2023-09-25 15:02:08,815 - tree.py - INFO - Launched New Tab - Google Chrome
2023-09-25 15:02:08,816 - locators.py - INFO - Getting element with locator: None
2023-09-25 15:02:08,817 - locators.py - INFO - Resulted root element: WindowsElement(item=<uiautomation.uiautomation.PaneControl object at 0x000001895EAAAED0>, locator='New Tab - Google Chrome and type:PaneControl', name='New Tab - Google Chrome', automation_id='', control_type='PaneControl', class_name='Chrome_WidgetWin_1', left=-9, right=1929, top=-9, bottom=1039, width=1938, height=1048, xcenter=960, ycenter=515)
2023-09-25 15:02:08,870 - locators.py - INFO - Getting element with locator: regex:.*search.*
2023-09-25 15:02:08,871 - locators.py - INFO - Resulted root element: WindowsElement(item=<uiautomation.uiautomation.PaneControl object at 0x000001895EAAAED0>, locator='New Tab - Google Chrome and type:PaneControl', name='New Tab - Google Chrome', automation_id='', control_type='PaneControl', class_name='Chrome_WidgetWin_1', left=-9, right=1929, top=-9, bottom=1039, width=1938, height=1048, xcenter=960, ycenter=515)
2023-09-25 15:02:08,872 - locators.py - INFO - Locator 'regex:.*search.*' produced matcher: MatchObject(locators=[('RegexName', '.*search.*', 0)], _classes=set(), max_level=0)
2023-09-25 15:02:09,083 - locators.py - INFO - Returning element: WindowsElement(item=<uiautomation.uiautomation.EditControl object at 0x000001895EAB5E10>, locator='regex:.*search.*', name='Address and search bar', automation_id='', control_type='EditControl', class_name='', left=177, right=1660, top=50, bottom=88, width=1483, height=38, xcenter=918, ycenter=69)
2023-09-25 15:02:09,083 - action.py - INFO - Setting the element value with the 'GetValuePattern' method.
2023-09-25 15:02:09,601 - locators.py - INFO - Getting element with locator: None
2023-09-25 15:02:09,602 - locators.py - INFO - Resulted root element: WindowsElement(item=<uiautomation.uiautomation.PaneControl object at 0x000001895EAAAED0>, locator='New Tab - Google Chrome and type:PaneControl', name='New Tab - Google Chrome', automation_id='', control_type='PaneControl', class_name='Chrome_WidgetWin_1', left=-9, right=1929, top=-9, bottom=1039, width=1938, height=1048, xcenter=960, ycenter=515)
2023-09-25 15:02:09,651 - action.py - INFO - Sending keys '{ENTER}' to element: <module 'uiautomation' from 'C:\\Users\\sanskar.jaiswal\\AppData\\Roaming\\Python\\Python311\\site-packages\\uiautomation\\__init__.py'>
2023-09-25 15:02:10,175 - locators.py - INFO - Getting element with locator: None
2023-09-25 15:02:10,176 - locators.py - INFO - Resulted root element: WindowsElement(item=<uiautomation.uiautomation.PaneControl object at 0x000001895EAAAED0>, locator='New Tab - Google Chrome and type:PaneControl', name='New Tab - Google Chrome', automation_id='', control_type='PaneControl', class_name='Chrome_WidgetWin_1', left=-9, right=1929, top=-9, bottom=1039, width=1938, height=1048, xcenter=960, ycenter=515)
2023-09-25 15:02:12,238 - locators.py - INFO - Getting element with locator: None
2023-09-25 15:02:12,238 - locators.py - INFO - Resulted root element: WindowsElement(item=<uiautomation.uiautomation.PaneControl object at 0x000001895EAAAED0>, locator='New Tab - Google Chrome and type:PaneControl', name='New Tab - Google Chrome', automation_id='', control_type='PaneControl', class_name='Chrome_WidgetWin_1', left=-9, right=1929, top=-9, bottom=1039, width=1938, height=1048, xcenter=960, ycenter=515)
2023-09-25 15:02:13,810 - locators.py - INFO - Getting element with locator: None
2023-09-25 15:02:13,811 - locators.py - INFO - Resulted root element: WindowsElement(item=<uiautomation.uiautomation.PaneControl object at 0x000001895EAAAED0>, locator='New Tab - Google Chrome and type:PaneControl', name='New Tab - Google Chrome', automation_id='', control_type='PaneControl', class_name='Chrome_WidgetWin_1', left=-9, right=1929, top=-9, bottom=1039, width=1938, height=1048, xcenter=960, ycenter=515)
2023-09-25 15:02:13,869 - window.py - INFO - Closing window with name: New Tab - Google Chrome (PID: 34172)
